<?xml version="1.0" encoding="UTF-8"?>
<!-- Generated by org.testng.reporters.JUnitReportReporter -->
<testsuite hostname="AMARENDER" failures="0" tests="1" name="com.qa.tests.PostAPITest" time="2.449" errors="0" timestamp="2024-10-18T16:22:01 IST" skipped="0">
  <testcase classname="com.qa.tests.PostAPITest" name="postAPITest" time="2.449"/>
  <system-out/>
</testsuite> <!-- com.qa.tests.PostAPITest -->
