<?xml version="1.0" encoding="UTF-8"?>
<!-- Generated by org.testng.reporters.JUnitReportReporter -->
<testsuite hostname="AMARENDER" failures="0" tests="2" name="com.qa.tests.GetApiTest" time="0.856" errors="0" timestamp="2024-10-13T22:36:06 IST" skipped="0">
  <testcase classname="com.qa.tests.GetApiTest" name="getAPITestWithoutHeaders" time="0.714"/>
  <system-out/>
  <testcase classname="com.qa.tests.GetApiTest" name="getAPITestWithHeaders" time="0.142"/>
  <system-out/>
</testsuite> <!-- com.qa.tests.GetApiTest -->
